This example consumes fmt library from system, using a Conan package as wrapper named as libfmt.
The ubuntu fmt package is installed with headers and fmt as shared library.
Then the library fmt-hello consumes fmt headers to print FMT_VERSION, and the fmt.so in order to print a formatted string, so both headers and libs are required.
The fmt-hello uses requires(visible=True), so the downstream need to run apt-get command too.
Then, the fmt-app consumes fmt-hello and prints a formatted string.


-----


+ CONAN_CONF_VERBOSE='-c tools.build:verbosity=verbose -c tools.compilation:verbosity=verbose'
+ CONAN_CONF_SYS_PKG='-c tools.system.package_manager:mode=install -c tools.system.package_manager:sudo=True'
+ pushd recipes/libfmt/
~/project/recipes/libfmt ~/project
+ conan create all/ --version=system -c tools.build:verbosity=verbose -c tools.compilation:verbosity=verbose -c tools.system.package_manager:mode=install -c tools.system.package_manager:sudo=True

======== Exporting recipe to the cache ========
libfmt/system: Exporting package recipe: /home/conan/project/recipes/libfmt/all/conanfile.py
libfmt/system: Copied 1 '.py' file: conanfile.py
libfmt/system: Exported to cache folder: /home/conan/.conan2/p/libfm188a4a48bf894/e
libfmt/system: Exported: libfmt/system#2a47f4a373e356e74081d89b7b3e377a (2025-01-28 11:26:51 UTC)

======== Input profiles ========
Profile host:
[settings]
arch=x86_64
build_type=Release
compiler=gcc
compiler.cppstd=gnu17
compiler.libcxx=libstdc++11
compiler.version=13
os=Linux
[conf]
tools.build:verbosity=verbose
tools.compilation:verbosity=verbose
tools.system.package_manager:mode=install
tools.system.package_manager:sudo=True

Profile build:
[settings]
arch=x86_64
build_type=Release
compiler=gcc
compiler.cppstd=gnu17
compiler.libcxx=libstdc++11
compiler.version=13
os=Linux


======== Computing dependency graph ========
Graph root
    cli
Requirements
    libfmt/system#2a47f4a373e356e74081d89b7b3e377a - Cache

======== Computing necessary packages ========
libfmt/system: Forced build from source
Requirements
    libfmt/system#2a47f4a373e356e74081d89b7b3e377a:da39a3ee5e6b4b0d3255bfef95601890afd80709 - Build
libfmt/system: System requirements:  already installed

======== Installing packages ========

-------- Installing package libfmt/system (1 of 1) --------
libfmt/system: Building from source
libfmt/system: Package libfmt/system:da39a3ee5e6b4b0d3255bfef95601890afd80709
libfmt/system: Copying sources to build folder
libfmt/system: Building your package in /home/conan/.conan2/p/b/libfme47b51b821d31/b
libfmt/system: Generating aggregated env files
libfmt/system: Generated aggregated env files: ['conanbuild.sh', 'conanrun.sh']
libfmt/system: Package 'da39a3ee5e6b4b0d3255bfef95601890afd80709' built
libfmt/system: Build folder /home/conan/.conan2/p/b/libfme47b51b821d31/b
libfmt/system: Generating the package
libfmt/system: Packaging in folder /home/conan/.conan2/p/b/libfme47b51b821d31/p
libfmt/system: package(): WARN: No files in this package!
libfmt/system: Created package revision 0ba8627bd47edc3a501e8f0eb9a79e5e
libfmt/system: Package 'da39a3ee5e6b4b0d3255bfef95601890afd80709' created
libfmt/system: Full package reference: libfmt/system#2a47f4a373e356e74081d89b7b3e377a:da39a3ee5e6b4b0d3255bfef95601890afd80709#0ba8627bd47edc3a501e8f0eb9a79e5e
libfmt/system: Package folder /home/conan/.conan2/p/b/libfme28593a02de91/p

======== Launching test_package ========

======== Computing dependency graph ========
Graph root
    libfmt/system (test package): /home/conan/project/recipes/libfmt/all/test_package/conanfile.py
Requirements
    libfmt/system#2a47f4a373e356e74081d89b7b3e377a - Cache

======== Computing necessary packages ========
Requirements
    libfmt/system#2a47f4a373e356e74081d89b7b3e377a:da39a3ee5e6b4b0d3255bfef95601890afd80709#0ba8627bd47edc3a501e8f0eb9a79e5e - Cache
libfmt/system: System requirements:  already installed

======== Installing packages ========
libfmt/system: Already installed! (1 of 1)

======== Testing the package ========
Removing previously existing 'test_package' build folder: /home/conan/project/recipes/libfmt/all/test_package/build/gcc-13-x86_64-gnu17-release
libfmt/system (test package): Test package build: build/gcc-13-x86_64-gnu17-release
libfmt/system (test package): Test package build folder: /home/conan/project/recipes/libfmt/all/test_package/build/gcc-13-x86_64-gnu17-release
libfmt/system (test package): Writing generators to /home/conan/project/recipes/libfmt/all/test_package/build/gcc-13-x86_64-gnu17-release/generators
libfmt/system (test package): Generator 'CMakeDeps' calling 'generate()'
libfmt/system (test package): CMakeDeps necessary find_package() and targets for your CMakeLists.txt
    find_package(libfmt)
    target_link_libraries(... libfmt::libfmt)
libfmt/system (test package): Generator 'CMakeToolchain' calling 'generate()'
libfmt/system (test package): CMakeToolchain generated: conan_toolchain.cmake
libfmt/system (test package): CMakeToolchain generated: /home/conan/project/recipes/libfmt/all/test_package/build/gcc-13-x86_64-gnu17-release/generators/CMakePresets.json
libfmt/system (test package): CMakeToolchain generated: /home/conan/project/recipes/libfmt/all/test_package/CMakeUserPresets.json
libfmt/system (test package): Generator 'VirtualRunEnv' calling 'generate()'
libfmt/system (test package): Generating aggregated env files
libfmt/system (test package): Generated aggregated env files: ['conanrun.sh', 'conanbuild.sh']

======== Testing the package: Building ========
libfmt/system (test package): Calling build()
libfmt/system (test package): Running CMake.configure()
libfmt/system (test package): RUN: cmake -G "Unix Makefiles" -DCMAKE_TOOLCHAIN_FILE="generators/conan_toolchain.cmake" -DCMAKE_INSTALL_PREFIX="/home/conan/project/recipes/libfmt/all/test_package" -DCMAKE_POLICY_DEFAULT_CMP0091="NEW" -DCMAKE_BUILD_TYPE="Release" "/home/conan/project/recipes/libfmt/all/test_package" --loglevel=VERBOSE
-- Using Conan toolchain: /home/conan/project/recipes/libfmt/all/test_package/build/gcc-13-x86_64-gnu17-release/generators/conan_toolchain.cmake
-- Conan toolchain: Defining architecture flag: -m64
-- Conan toolchain: C++ Standard 17 with extensions ON
-- The CXX compiler identification is GNU 13.3.0
-- Detecting CXX compiler ABI info
-- Detecting CXX compiler ABI info - done
-- Check for working CXX compiler: /usr/bin/c++ - skipped
-- Detecting CXX compile features
-- Detecting CXX compile features - done
-- Configuring done (1.5s)
-- Generating done (0.0s)
-- Build files have been written to: /home/conan/project/recipes/libfmt/all/test_package/build/gcc-13-x86_64-gnu17-release

libfmt/system (test package): Running CMake.build()
libfmt/system (test package): RUN: cmake --build "/home/conan/project/recipes/libfmt/all/test_package/build/gcc-13-x86_64-gnu17-release" --verbose -- -j2
Change Dir: '/home/conan/project/recipes/libfmt/all/test_package/build/gcc-13-x86_64-gnu17-release'

Run Build Command(s): /usr/bin/cmake -E env VERBOSE=1 /usr/bin/gmake -f Makefile -j2
gmake: Warning: File 'Makefile' has modification time 0.49 s in the future
/usr/bin/cmake -S/home/conan/project/recipes/libfmt/all/test_package -B/home/conan/project/recipes/libfmt/all/test_package/build/gcc-13-x86_64-gnu17-release --check-build-system CMakeFiles/Makefile.cmake 0
/usr/bin/cmake -E cmake_progress_start /home/conan/project/recipes/libfmt/all/test_package/build/gcc-13-x86_64-gnu17-release/CMakeFiles /home/conan/project/recipes/libfmt/all/test_package/build/gcc-13-x86_64-gnu17-release//CMakeFiles/progress.marks
/usr/bin/gmake  -f CMakeFiles/Makefile2 all
gmake[1]: Entering directory '/home/conan/project/recipes/libfmt/all/test_package/build/gcc-13-x86_64-gnu17-release'
gmake[1]: Warning: File 'CMakeFiles/Makefile2' has modification time 0.34 s in the future
/usr/bin/gmake  -f CMakeFiles/test_package.dir/build.make CMakeFiles/test_package.dir/depend
gmake[2]: Entering directory '/home/conan/project/recipes/libfmt/all/test_package/build/gcc-13-x86_64-gnu17-release'
gmake[2]: Warning: File 'CMakeFiles/test_package.dir/flags.make' has modification time 0.3 s in the future
cd /home/conan/project/recipes/libfmt/all/test_package/build/gcc-13-x86_64-gnu17-release && /usr/bin/cmake -E cmake_depends "Unix Makefiles" /home/conan/project/recipes/libfmt/all/test_package /home/conan/project/recipes/libfmt/all/test_package /home/conan/project/recipes/libfmt/all/test_package/build/gcc-13-x86_64-gnu17-release /home/conan/project/recipes/libfmt/all/test_package/build/gcc-13-x86_64-gnu17-release /home/conan/project/recipes/libfmt/all/test_package/build/gcc-13-x86_64-gnu17-release/CMakeFiles/test_package.dir/DependInfo.cmake "--color="
gmake[2]: warning:  Clock skew detected.  Your build may be incomplete.
gmake[2]: Leaving directory '/home/conan/project/recipes/libfmt/all/test_package/build/gcc-13-x86_64-gnu17-release'
/usr/bin/gmake  -f CMakeFiles/test_package.dir/build.make CMakeFiles/test_package.dir/build
gmake[2]: Entering directory '/home/conan/project/recipes/libfmt/all/test_package/build/gcc-13-x86_64-gnu17-release'
gmake[2]: Warning: File 'CMakeFiles/test_package.dir/flags.make' has modification time 0.18 s in the future
[ 50%] Building CXX object CMakeFiles/test_package.dir/test_package.cpp.o
/usr/bin/c++ -DFMT_SHARED  -m64 -O3 -DNDEBUG -std=gnu++17 -MD -MT CMakeFiles/test_package.dir/test_package.cpp.o -MF CMakeFiles/test_package.dir/test_package.cpp.o.d -o CMakeFiles/test_package.dir/test_package.cpp.o -c /home/conan/project/recipes/libfmt/all/test_package/test_package.cpp
[100%] Linking CXX executable test_package
/usr/bin/cmake -E cmake_link_script CMakeFiles/test_package.dir/link.txt --verbose=1
/usr/bin/c++ -m64 -O3 -DNDEBUG -m64 CMakeFiles/test_package.dir/test_package.cpp.o -o test_package  /usr/lib/x86_64-linux-gnu/libfmt.so.9.1.0
gmake[2]: warning:  Clock skew detected.  Your build may be incomplete.
gmake[2]: Leaving directory '/home/conan/project/recipes/libfmt/all/test_package/build/gcc-13-x86_64-gnu17-release'
[100%] Built target test_package
gmake[1]: warning:  Clock skew detected.  Your build may be incomplete.
gmake[1]: Leaving directory '/home/conan/project/recipes/libfmt/all/test_package/build/gcc-13-x86_64-gnu17-release'
/usr/bin/cmake -E cmake_progress_start /home/conan/project/recipes/libfmt/all/test_package/build/gcc-13-x86_64-gnu17-release/CMakeFiles 0
gmake: warning:  Clock skew detected.  Your build may be incomplete.



======== Testing the package: Executing test ========
libfmt/system (test package): Running test()
libfmt/system (test package): RUN: ./test_package
Hello, world!

+ popd
~/project
+ pushd recipes/fmt-hello/
~/project/recipes/fmt-hello ~/project
+ conan create ./ --version=0.1.0 -c tools.build:verbosity=verbose -c tools.compilation:verbosity=verbose -c tools.system.package_manager:mode=install -c tools.system.package_manager:sudo=True

======== Exporting recipe to the cache ========
fmt-hello/0.1.0: Exporting package recipe: /home/conan/project/recipes/fmt-hello/conanfile.py
fmt-hello/0.1.0: Copied 1 '.py' file: conanfile.py
fmt-hello/0.1.0: Copied 1 '.txt' file: CMakeLists.txt
fmt-hello/0.1.0: Copied 1 '.cpp' file: fmt_hello.cpp
fmt-hello/0.1.0: Copied 1 '.h' file: fmt_hello.h
fmt-hello/0.1.0: Exported to cache folder: /home/conan/.conan2/p/fmt-hcc77e7a9f01a7/e
fmt-hello/0.1.0: Exported: fmt-hello/0.1.0#87df577ca3a90368bcbd68b607b2d3cd (2025-01-28 11:26:56 UTC)

======== Input profiles ========
Profile host:
[settings]
arch=x86_64
build_type=Release
compiler=gcc
compiler.cppstd=gnu17
compiler.libcxx=libstdc++11
compiler.version=13
os=Linux
[conf]
tools.build:verbosity=verbose
tools.compilation:verbosity=verbose
tools.system.package_manager:mode=install
tools.system.package_manager:sudo=True

Profile build:
[settings]
arch=x86_64
build_type=Release
compiler=gcc
compiler.cppstd=gnu17
compiler.libcxx=libstdc++11
compiler.version=13
os=Linux


======== Computing dependency graph ========
Graph root
    cli
Requirements
    fmt-hello/0.1.0#87df577ca3a90368bcbd68b607b2d3cd - Cache
    libfmt/system#2a47f4a373e356e74081d89b7b3e377a - Cache

======== Computing necessary packages ========
fmt-hello/0.1.0: Forced build from source
Requirements
    fmt-hello/0.1.0#87df577ca3a90368bcbd68b607b2d3cd:fbd07e2aa610b21e091b6206434f8dbde6068965 - Build
    libfmt/system#2a47f4a373e356e74081d89b7b3e377a:da39a3ee5e6b4b0d3255bfef95601890afd80709#0ba8627bd47edc3a501e8f0eb9a79e5e - Cache
libfmt/system: System requirements:  already installed

======== Installing packages ========
libfmt/system: Already installed! (1 of 2)

-------- Installing package fmt-hello/0.1.0 (2 of 2) --------
fmt-hello/0.1.0: Building from source
fmt-hello/0.1.0: Package fmt-hello/0.1.0:fbd07e2aa610b21e091b6206434f8dbde6068965
fmt-hello/0.1.0: Copying sources to build folder
fmt-hello/0.1.0: Building your package in /home/conan/.conan2/p/b/fmt-h426146a2da47f/b
fmt-hello/0.1.0: Calling generate()
fmt-hello/0.1.0: Generators folder: /home/conan/.conan2/p/b/fmt-h426146a2da47f/b/build/Release/generators
fmt-hello/0.1.0: CMakeDeps necessary find_package() and targets for your CMakeLists.txt
    find_package(libfmt)
    target_link_libraries(... libfmt::libfmt)
fmt-hello/0.1.0: CMakeToolchain generated: conan_toolchain.cmake
fmt-hello/0.1.0: CMakeToolchain generated: /home/conan/.conan2/p/b/fmt-h426146a2da47f/b/build/Release/generators/CMakePresets.json
fmt-hello/0.1.0: CMakeToolchain generated: /home/conan/.conan2/p/b/fmt-h426146a2da47f/b/CMakeUserPresets.json
fmt-hello/0.1.0: Generating aggregated env files
fmt-hello/0.1.0: Generated aggregated env files: ['conanbuild.sh', 'conanrun.sh']
fmt-hello/0.1.0: Calling build()
fmt-hello/0.1.0: Running CMake.configure()
fmt-hello/0.1.0: RUN: cmake -G "Unix Makefiles" -DCMAKE_TOOLCHAIN_FILE="generators/conan_toolchain.cmake" -DCMAKE_INSTALL_PREFIX="/home/conan/.conan2/p/b/fmt-h426146a2da47f/p" -DCMAKE_POLICY_DEFAULT_CMP0091="NEW" -DCMAKE_BUILD_TYPE="Release" "/home/conan/.conan2/p/b/fmt-h426146a2da47f/b" --loglevel=VERBOSE
-- Using Conan toolchain: /home/conan/.conan2/p/b/fmt-h426146a2da47f/b/build/Release/generators/conan_toolchain.cmake
-- Conan toolchain: Setting CMAKE_POSITION_INDEPENDENT_CODE=ON (options.fPIC)
-- Conan toolchain: Defining architecture flag: -m64
-- Conan toolchain: C++ Standard 17 with extensions ON
-- Conan toolchain: Setting BUILD_SHARED_LIBS = OFF
-- The CXX compiler identification is GNU 13.3.0
-- Detecting CXX compiler ABI info
-- Detecting CXX compiler ABI info - done
-- Check for working CXX compiler: /usr/bin/c++ - skipped
-- Detecting CXX compile features
-- Detecting CXX compile features - done
-- Configuring done (1.4s)
-- Generating done (0.0s)
-- Build files have been written to: /home/conan/.conan2/p/b/fmt-h426146a2da47f/b/build/Release

fmt-hello/0.1.0: Running CMake.build()
fmt-hello/0.1.0: RUN: cmake --build "/home/conan/.conan2/p/b/fmt-h426146a2da47f/b/build/Release" --verbose -- -j2
Change Dir: '/home/conan/.conan2/p/b/fmt-h426146a2da47f/b/build/Release'

Run Build Command(s): /usr/bin/cmake -E env VERBOSE=1 /usr/bin/gmake -f Makefile -j2
/usr/bin/cmake -S/home/conan/.conan2/p/b/fmt-h426146a2da47f/b -B/home/conan/.conan2/p/b/fmt-h426146a2da47f/b/build/Release --check-build-system CMakeFiles/Makefile.cmake 0
/usr/bin/cmake -E cmake_progress_start /home/conan/.conan2/p/b/fmt-h426146a2da47f/b/build/Release/CMakeFiles /home/conan/.conan2/p/b/fmt-h426146a2da47f/b/build/Release//CMakeFiles/progress.marks
/usr/bin/gmake  -f CMakeFiles/Makefile2 all
gmake[1]: Entering directory '/home/conan/.conan2/p/b/fmt-h426146a2da47f/b/build/Release'
/usr/bin/gmake  -f CMakeFiles/fmt_hello.dir/build.make CMakeFiles/fmt_hello.dir/depend
gmake[2]: Entering directory '/home/conan/.conan2/p/b/fmt-h426146a2da47f/b/build/Release'
cd /home/conan/.conan2/p/b/fmt-h426146a2da47f/b/build/Release && /usr/bin/cmake -E cmake_depends "Unix Makefiles" /home/conan/.conan2/p/b/fmt-h426146a2da47f/b /home/conan/.conan2/p/b/fmt-h426146a2da47f/b /home/conan/.conan2/p/b/fmt-h426146a2da47f/b/build/Release /home/conan/.conan2/p/b/fmt-h426146a2da47f/b/build/Release /home/conan/.conan2/p/b/fmt-h426146a2da47f/b/build/Release/CMakeFiles/fmt_hello.dir/DependInfo.cmake "--color="
gmake[2]: Leaving directory '/home/conan/.conan2/p/b/fmt-h426146a2da47f/b/build/Release'
/usr/bin/gmake  -f CMakeFiles/fmt_hello.dir/build.make CMakeFiles/fmt_hello.dir/build
gmake[2]: Entering directory '/home/conan/.conan2/p/b/fmt-h426146a2da47f/b/build/Release'
[ 50%] Building CXX object CMakeFiles/fmt_hello.dir/src/fmt_hello.cpp.o
/usr/bin/c++ -DFMT_SHARED  -m64 -O3 -DNDEBUG -std=gnu++17 -fPIC -MD -MT CMakeFiles/fmt_hello.dir/src/fmt_hello.cpp.o -MF CMakeFiles/fmt_hello.dir/src/fmt_hello.cpp.o.d -o CMakeFiles/fmt_hello.dir/src/fmt_hello.cpp.o -c /home/conan/.conan2/p/b/fmt-h426146a2da47f/b/src/fmt_hello.cpp
[100%] Linking CXX static library libfmt_hello.a
/usr/bin/cmake -P CMakeFiles/fmt_hello.dir/cmake_clean_target.cmake
/usr/bin/cmake -E cmake_link_script CMakeFiles/fmt_hello.dir/link.txt --verbose=1
/usr/bin/ar qc libfmt_hello.a CMakeFiles/fmt_hello.dir/src/fmt_hello.cpp.o
/usr/bin/ranlib libfmt_hello.a
gmake[2]: Leaving directory '/home/conan/.conan2/p/b/fmt-h426146a2da47f/b/build/Release'
[100%] Built target fmt_hello
gmake[1]: Leaving directory '/home/conan/.conan2/p/b/fmt-h426146a2da47f/b/build/Release'
/usr/bin/cmake -E cmake_progress_start /home/conan/.conan2/p/b/fmt-h426146a2da47f/b/build/Release/CMakeFiles 0


fmt-hello/0.1.0: Package 'fbd07e2aa610b21e091b6206434f8dbde6068965' built
fmt-hello/0.1.0: Build folder /home/conan/.conan2/p/b/fmt-h426146a2da47f/b/build/Release
fmt-hello/0.1.0: Generating the package
fmt-hello/0.1.0: Packaging in folder /home/conan/.conan2/p/b/fmt-h426146a2da47f/p
fmt-hello/0.1.0: Calling package()
fmt-hello/0.1.0: Running CMake.install()
fmt-hello/0.1.0: RUN: cmake --install "/home/conan/.conan2/p/b/fmt-h426146a2da47f/b/build/Release" --prefix "/home/conan/.conan2/p/b/fmt-h426146a2da47f/p" --verbose
-- Install configuration: "Release"
-- Installing: /home/conan/.conan2/p/b/fmt-h426146a2da47f/p/lib/libfmt_hello.a
-- Installing: /home/conan/.conan2/p/b/fmt-h426146a2da47f/p/include/fmt_hello.h

fmt-hello/0.1.0: package(): Packaged 1 '.h' file: fmt_hello.h
fmt-hello/0.1.0: package(): Packaged 1 '.a' file: libfmt_hello.a
fmt-hello/0.1.0: Created package revision 83ce43d0387f0e29a2bec8bcc88b7ea1
fmt-hello/0.1.0: Package 'fbd07e2aa610b21e091b6206434f8dbde6068965' created
fmt-hello/0.1.0: Full package reference: fmt-hello/0.1.0#87df577ca3a90368bcbd68b607b2d3cd:fbd07e2aa610b21e091b6206434f8dbde6068965#83ce43d0387f0e29a2bec8bcc88b7ea1
fmt-hello/0.1.0: Package folder /home/conan/.conan2/p/b/fmt-hc441d71fa40b0/p

======== Launching test_package ========

======== Computing dependency graph ========
Graph root
    fmt-hello/0.1.0 (test package): /home/conan/project/recipes/fmt-hello/test_package/conanfile.py
Requirements
    fmt-hello/0.1.0#87df577ca3a90368bcbd68b607b2d3cd - Cache
    libfmt/system#2a47f4a373e356e74081d89b7b3e377a - Cache

======== Computing necessary packages ========
Requirements
    fmt-hello/0.1.0#87df577ca3a90368bcbd68b607b2d3cd:fbd07e2aa610b21e091b6206434f8dbde6068965#83ce43d0387f0e29a2bec8bcc88b7ea1 - Cache
    libfmt/system#2a47f4a373e356e74081d89b7b3e377a:da39a3ee5e6b4b0d3255bfef95601890afd80709#0ba8627bd47edc3a501e8f0eb9a79e5e - Cache
libfmt/system: System requirements:  already installed

======== Installing packages ========
libfmt/system: Already installed! (1 of 2)
fmt-hello/0.1.0: Already installed! (2 of 2)

======== Testing the package ========
Removing previously existing 'test_package' build folder: /home/conan/project/recipes/fmt-hello/test_package/build/gcc-13-x86_64-gnu17-release
fmt-hello/0.1.0 (test package): Test package build: build/gcc-13-x86_64-gnu17-release
fmt-hello/0.1.0 (test package): Test package build folder: /home/conan/project/recipes/fmt-hello/test_package/build/gcc-13-x86_64-gnu17-release
fmt-hello/0.1.0 (test package): Writing generators to /home/conan/project/recipes/fmt-hello/test_package/build/gcc-13-x86_64-gnu17-release/generators
fmt-hello/0.1.0 (test package): Generator 'CMakeToolchain' calling 'generate()'
fmt-hello/0.1.0 (test package): CMakeToolchain generated: conan_toolchain.cmake
fmt-hello/0.1.0 (test package): CMakeToolchain generated: /home/conan/project/recipes/fmt-hello/test_package/build/gcc-13-x86_64-gnu17-release/generators/CMakePresets.json
fmt-hello/0.1.0 (test package): CMakeToolchain generated: /home/conan/project/recipes/fmt-hello/test_package/CMakeUserPresets.json
fmt-hello/0.1.0 (test package): Generator 'CMakeDeps' calling 'generate()'
fmt-hello/0.1.0 (test package): CMakeDeps necessary find_package() and targets for your CMakeLists.txt
    find_package(fmt-hello)
    target_link_libraries(... fmt-hello::fmt-hello)
fmt-hello/0.1.0 (test package): Generating aggregated env files
fmt-hello/0.1.0 (test package): Generated aggregated env files: ['conanbuild.sh', 'conanrun.sh']

======== Testing the package: Building ========
fmt-hello/0.1.0 (test package): Calling build()
fmt-hello/0.1.0 (test package): Running CMake.configure()
fmt-hello/0.1.0 (test package): RUN: cmake -G "Unix Makefiles" -DCMAKE_TOOLCHAIN_FILE="generators/conan_toolchain.cmake" -DCMAKE_INSTALL_PREFIX="/home/conan/project/recipes/fmt-hello/test_package" -DCMAKE_POLICY_DEFAULT_CMP0091="NEW" -DCMAKE_BUILD_TYPE="Release" "/home/conan/project/recipes/fmt-hello/test_package" --loglevel=VERBOSE
-- Using Conan toolchain: /home/conan/project/recipes/fmt-hello/test_package/build/gcc-13-x86_64-gnu17-release/generators/conan_toolchain.cmake
-- Conan toolchain: Defining architecture flag: -m64
-- Conan toolchain: C++ Standard 17 with extensions ON
-- The CXX compiler identification is GNU 13.3.0
-- Detecting CXX compiler ABI info
-- Detecting CXX compiler ABI info - done
-- Check for working CXX compiler: /usr/bin/c++ - skipped
-- Detecting CXX compile features
-- Detecting CXX compile features - done
-- Conan: Target declared 'fmt-hello::fmt-hello'
-- Conan: Library fmt_hello found /home/conan/.conan2/p/b/fmt-hc441d71fa40b0/p/lib/libfmt_hello.a
-- Conan: Found: /home/conan/.conan2/p/b/fmt-hc441d71fa40b0/p/lib/libfmt_hello.a
-- Conan: Target declared 'libfmt::libfmt'
-- Configuring done (1.5s)
-- Generating done (0.0s)
-- Build files have been written to: /home/conan/project/recipes/fmt-hello/test_package/build/gcc-13-x86_64-gnu17-release

fmt-hello/0.1.0 (test package): Running CMake.build()
fmt-hello/0.1.0 (test package): RUN: cmake --build "/home/conan/project/recipes/fmt-hello/test_package/build/gcc-13-x86_64-gnu17-release" --verbose -- -j2
Change Dir: '/home/conan/project/recipes/fmt-hello/test_package/build/gcc-13-x86_64-gnu17-release'

Run Build Command(s): /usr/bin/cmake -E env VERBOSE=1 /usr/bin/gmake -f Makefile -j2
gmake: Warning: File 'Makefile' has modification time 0.49 s in the future
/usr/bin/cmake -S/home/conan/project/recipes/fmt-hello/test_package -B/home/conan/project/recipes/fmt-hello/test_package/build/gcc-13-x86_64-gnu17-release --check-build-system CMakeFiles/Makefile.cmake 0
/usr/bin/cmake -E cmake_progress_start /home/conan/project/recipes/fmt-hello/test_package/build/gcc-13-x86_64-gnu17-release/CMakeFiles /home/conan/project/recipes/fmt-hello/test_package/build/gcc-13-x86_64-gnu17-release//CMakeFiles/progress.marks
/usr/bin/gmake  -f CMakeFiles/Makefile2 all
gmake[1]: Entering directory '/home/conan/project/recipes/fmt-hello/test_package/build/gcc-13-x86_64-gnu17-release'
gmake[1]: Warning: File 'CMakeFiles/Makefile2' has modification time 0.33 s in the future
/usr/bin/gmake  -f CMakeFiles/test_package.dir/build.make CMakeFiles/test_package.dir/depend
gmake[2]: Entering directory '/home/conan/project/recipes/fmt-hello/test_package/build/gcc-13-x86_64-gnu17-release'
gmake[2]: Warning: File 'CMakeFiles/test_package.dir/flags.make' has modification time 0.28 s in the future
cd /home/conan/project/recipes/fmt-hello/test_package/build/gcc-13-x86_64-gnu17-release && /usr/bin/cmake -E cmake_depends "Unix Makefiles" /home/conan/project/recipes/fmt-hello/test_package /home/conan/project/recipes/fmt-hello/test_package /home/conan/project/recipes/fmt-hello/test_package/build/gcc-13-x86_64-gnu17-release /home/conan/project/recipes/fmt-hello/test_package/build/gcc-13-x86_64-gnu17-release /home/conan/project/recipes/fmt-hello/test_package/build/gcc-13-x86_64-gnu17-release/CMakeFiles/test_package.dir/DependInfo.cmake "--color="
gmake[2]: warning:  Clock skew detected.  Your build may be incomplete.
gmake[2]: Leaving directory '/home/conan/project/recipes/fmt-hello/test_package/build/gcc-13-x86_64-gnu17-release'
/usr/bin/gmake  -f CMakeFiles/test_package.dir/build.make CMakeFiles/test_package.dir/build
gmake[2]: Entering directory '/home/conan/project/recipes/fmt-hello/test_package/build/gcc-13-x86_64-gnu17-release'
gmake[2]: Warning: File 'CMakeFiles/test_package.dir/flags.make' has modification time 0.16 s in the future
[ 50%] Building CXX object CMakeFiles/test_package.dir/test_package.cpp.o
/usr/bin/c++  -isystem /home/conan/.conan2/p/b/fmt-hc441d71fa40b0/p/include -m64 -O3 -DNDEBUG -std=gnu++17 -MD -MT CMakeFiles/test_package.dir/test_package.cpp.o -MF CMakeFiles/test_package.dir/test_package.cpp.o.d -o CMakeFiles/test_package.dir/test_package.cpp.o -c /home/conan/project/recipes/fmt-hello/test_package/test_package.cpp
[100%] Linking CXX executable test_package
/usr/bin/cmake -E cmake_link_script CMakeFiles/test_package.dir/link.txt --verbose=1
/usr/bin/c++ -m64 -O3 -DNDEBUG -m64 CMakeFiles/test_package.dir/test_package.cpp.o -o test_package   -L/home/conan/.conan2/p/b/fmt-hc441d71fa40b0/p/lib  -Wl,-rpath,/home/conan/.conan2/p/b/fmt-hc441d71fa40b0/p/lib /home/conan/.conan2/p/b/fmt-hc441d71fa40b0/p/lib/libfmt_hello.a -lfmt
gmake[2]: warning:  Clock skew detected.  Your build may be incomplete.
gmake[2]: Leaving directory '/home/conan/project/recipes/fmt-hello/test_package/build/gcc-13-x86_64-gnu17-release'
[100%] Built target test_package
gmake[1]: warning:  Clock skew detected.  Your build may be incomplete.
gmake[1]: Leaving directory '/home/conan/project/recipes/fmt-hello/test_package/build/gcc-13-x86_64-gnu17-release'
/usr/bin/cmake -E cmake_progress_start /home/conan/project/recipes/fmt-hello/test_package/build/gcc-13-x86_64-gnu17-release/CMakeFiles 0
gmake: warning:  Clock skew detected.  Your build may be incomplete.



======== Testing the package: Executing test ========
fmt-hello/0.1.0 (test package): Running test()
fmt-hello/0.1.0 (test package): RUN: ./test_package
Hello, world!

+ popd
~/project
+ pushd recipes/fmt-app/
~/project/recipes/fmt-app ~/project
+ conan create ./ --version=0.1.0 -c tools.build:verbosity=verbose -c tools.compilation:verbosity=verbose -c tools.system.package_manager:mode=install -c tools.system.package_manager:sudo=True

======== Exporting recipe to the cache ========
fmt-app/0.1.0: Exporting package recipe: /home/conan/project/recipes/fmt-app/conanfile.py
fmt-app/0.1.0: Copied 1 '.py' file: conanfile.py
fmt-app/0.1.0: Copied 1 '.txt' file: CMakeLists.txt
fmt-app/0.1.0: Copied 1 '.cpp' file: main.cpp
fmt-app/0.1.0: Exported to cache folder: /home/conan/.conan2/p/fmt-ad7af07f1bac2e/e
fmt-app/0.1.0: Exported: fmt-app/0.1.0#6fa0b3c3c9ca76e1df5f32e79f264f70 (2025-01-28 11:27:03 UTC)

======== Input profiles ========
Profile host:
[settings]
arch=x86_64
build_type=Release
compiler=gcc
compiler.cppstd=gnu17
compiler.libcxx=libstdc++11
compiler.version=13
os=Linux
[conf]
tools.build:verbosity=verbose
tools.compilation:verbosity=verbose
tools.system.package_manager:mode=install
tools.system.package_manager:sudo=True

Profile build:
[settings]
arch=x86_64
build_type=Release
compiler=gcc
compiler.cppstd=gnu17
compiler.libcxx=libstdc++11
compiler.version=13
os=Linux


======== Computing dependency graph ========
Graph root
    cli
Requirements
    fmt-app/0.1.0#6fa0b3c3c9ca76e1df5f32e79f264f70 - Cache
    fmt-hello/0.1.0#87df577ca3a90368bcbd68b607b2d3cd - Cache
    libfmt/system#2a47f4a373e356e74081d89b7b3e377a - Cache

======== Computing necessary packages ========
fmt-app/0.1.0: Forced build from source
Requirements
    fmt-app/0.1.0#6fa0b3c3c9ca76e1df5f32e79f264f70:a420b3dffb7579240b0e671668001fcebbc8f6af - Build
    fmt-hello/0.1.0#87df577ca3a90368bcbd68b607b2d3cd:fbd07e2aa610b21e091b6206434f8dbde6068965#83ce43d0387f0e29a2bec8bcc88b7ea1 - Cache
    libfmt/system#2a47f4a373e356e74081d89b7b3e377a:da39a3ee5e6b4b0d3255bfef95601890afd80709#0ba8627bd47edc3a501e8f0eb9a79e5e - Cache
libfmt/system: System requirements:  already installed

======== Installing packages ========
libfmt/system: Already installed! (1 of 3)
fmt-hello/0.1.0: Already installed! (2 of 3)

-------- Installing package fmt-app/0.1.0 (3 of 3) --------
fmt-app/0.1.0: Building from source
fmt-app/0.1.0: Package fmt-app/0.1.0:a420b3dffb7579240b0e671668001fcebbc8f6af
fmt-app/0.1.0: Copying sources to build folder
fmt-app/0.1.0: Building your package in /home/conan/.conan2/p/b/fmt-a77913bd36c8df/b
fmt-app/0.1.0: Calling generate()
fmt-app/0.1.0: Generators folder: /home/conan/.conan2/p/b/fmt-a77913bd36c8df/b/build/Release/generators
fmt-app/0.1.0: CMakeDeps necessary find_package() and targets for your CMakeLists.txt
    find_package(fmt-hello)
    target_link_libraries(... fmt-hello::fmt-hello)
fmt-app/0.1.0: CMakeToolchain generated: conan_toolchain.cmake
fmt-app/0.1.0: CMakeToolchain generated: /home/conan/.conan2/p/b/fmt-a77913bd36c8df/b/build/Release/generators/CMakePresets.json
fmt-app/0.1.0: CMakeToolchain generated: /home/conan/.conan2/p/b/fmt-a77913bd36c8df/b/CMakeUserPresets.json
fmt-app/0.1.0: Generating aggregated env files
fmt-app/0.1.0: Generated aggregated env files: ['conanbuild.sh', 'conanrun.sh']
fmt-app/0.1.0: Calling build()
fmt-app/0.1.0: Running CMake.configure()
fmt-app/0.1.0: RUN: cmake -G "Unix Makefiles" -DCMAKE_TOOLCHAIN_FILE="generators/conan_toolchain.cmake" -DCMAKE_INSTALL_PREFIX="/home/conan/.conan2/p/b/fmt-a77913bd36c8df/p" -DCMAKE_POLICY_DEFAULT_CMP0091="NEW" -DCMAKE_BUILD_TYPE="Release" "/home/conan/.conan2/p/b/fmt-a77913bd36c8df/b" --loglevel=VERBOSE
-- Using Conan toolchain: /home/conan/.conan2/p/b/fmt-a77913bd36c8df/b/build/Release/generators/conan_toolchain.cmake
-- Conan toolchain: Defining architecture flag: -m64
-- Conan toolchain: C++ Standard 17 with extensions ON
-- The CXX compiler identification is GNU 13.3.0
-- Detecting CXX compiler ABI info
-- Detecting CXX compiler ABI info - done
-- Check for working CXX compiler: /usr/bin/c++ - skipped
-- Detecting CXX compile features
-- Detecting CXX compile features - done
-- Conan: Target declared 'fmt-hello::fmt-hello'
-- Conan: Library fmt_hello found /home/conan/.conan2/p/b/fmt-hc441d71fa40b0/p/lib/libfmt_hello.a
-- Conan: Found: /home/conan/.conan2/p/b/fmt-hc441d71fa40b0/p/lib/libfmt_hello.a
-- Conan: Target declared 'libfmt::libfmt'
-- Configuring done (1.3s)
-- Generating done (0.0s)
-- Build files have been written to: /home/conan/.conan2/p/b/fmt-a77913bd36c8df/b/build/Release

fmt-app/0.1.0: Running CMake.build()
fmt-app/0.1.0: RUN: cmake --build "/home/conan/.conan2/p/b/fmt-a77913bd36c8df/b/build/Release" --verbose -- -j2
Change Dir: '/home/conan/.conan2/p/b/fmt-a77913bd36c8df/b/build/Release'

Run Build Command(s): /usr/bin/cmake -E env VERBOSE=1 /usr/bin/gmake -f Makefile -j2
/usr/bin/cmake -S/home/conan/.conan2/p/b/fmt-a77913bd36c8df/b -B/home/conan/.conan2/p/b/fmt-a77913bd36c8df/b/build/Release --check-build-system CMakeFiles/Makefile.cmake 0
/usr/bin/cmake -E cmake_progress_start /home/conan/.conan2/p/b/fmt-a77913bd36c8df/b/build/Release/CMakeFiles /home/conan/.conan2/p/b/fmt-a77913bd36c8df/b/build/Release//CMakeFiles/progress.marks
/usr/bin/gmake  -f CMakeFiles/Makefile2 all
gmake[1]: Entering directory '/home/conan/.conan2/p/b/fmt-a77913bd36c8df/b/build/Release'
/usr/bin/gmake  -f CMakeFiles/fmt-app.dir/build.make CMakeFiles/fmt-app.dir/depend
gmake[2]: Entering directory '/home/conan/.conan2/p/b/fmt-a77913bd36c8df/b/build/Release'
cd /home/conan/.conan2/p/b/fmt-a77913bd36c8df/b/build/Release && /usr/bin/cmake -E cmake_depends "Unix Makefiles" /home/conan/.conan2/p/b/fmt-a77913bd36c8df/b /home/conan/.conan2/p/b/fmt-a77913bd36c8df/b /home/conan/.conan2/p/b/fmt-a77913bd36c8df/b/build/Release /home/conan/.conan2/p/b/fmt-a77913bd36c8df/b/build/Release /home/conan/.conan2/p/b/fmt-a77913bd36c8df/b/build/Release/CMakeFiles/fmt-app.dir/DependInfo.cmake "--color="
gmake[2]: Leaving directory '/home/conan/.conan2/p/b/fmt-a77913bd36c8df/b/build/Release'
/usr/bin/gmake  -f CMakeFiles/fmt-app.dir/build.make CMakeFiles/fmt-app.dir/build
gmake[2]: Entering directory '/home/conan/.conan2/p/b/fmt-a77913bd36c8df/b/build/Release'
[ 50%] Building CXX object CMakeFiles/fmt-app.dir/src/main.cpp.o
/usr/bin/c++  -isystem /home/conan/.conan2/p/b/fmt-hc441d71fa40b0/p/include -m64 -O3 -DNDEBUG -std=gnu++17 -MD -MT CMakeFiles/fmt-app.dir/src/main.cpp.o -MF CMakeFiles/fmt-app.dir/src/main.cpp.o.d -o CMakeFiles/fmt-app.dir/src/main.cpp.o -c /home/conan/.conan2/p/b/fmt-a77913bd36c8df/b/src/main.cpp
[100%] Linking CXX executable fmt-app
/usr/bin/cmake -E cmake_link_script CMakeFiles/fmt-app.dir/link.txt --verbose=1
/usr/bin/c++ -m64 -O3 -DNDEBUG -m64 "CMakeFiles/fmt-app.dir/src/main.cpp.o" -o fmt-app   -L/home/conan/.conan2/p/b/fmt-hc441d71fa40b0/p/lib  -Wl,-rpath,/home/conan/.conan2/p/b/fmt-hc441d71fa40b0/p/lib: /home/conan/.conan2/p/b/fmt-hc441d71fa40b0/p/lib/libfmt_hello.a -lfmt
gmake[2]: Leaving directory '/home/conan/.conan2/p/b/fmt-a77913bd36c8df/b/build/Release'
[100%] Built target fmt-app
gmake[1]: Leaving directory '/home/conan/.conan2/p/b/fmt-a77913bd36c8df/b/build/Release'
/usr/bin/cmake -E cmake_progress_start /home/conan/.conan2/p/b/fmt-a77913bd36c8df/b/build/Release/CMakeFiles 0


fmt-app/0.1.0: Package 'a420b3dffb7579240b0e671668001fcebbc8f6af' built
fmt-app/0.1.0: Build folder /home/conan/.conan2/p/b/fmt-a77913bd36c8df/b/build/Release
fmt-app/0.1.0: Generating the package
fmt-app/0.1.0: Packaging in folder /home/conan/.conan2/p/b/fmt-a77913bd36c8df/p
fmt-app/0.1.0: Calling package()
fmt-app/0.1.0: Running CMake.install()
fmt-app/0.1.0: RUN: cmake --install "/home/conan/.conan2/p/b/fmt-a77913bd36c8df/b/build/Release" --prefix "/home/conan/.conan2/p/b/fmt-a77913bd36c8df/p" --verbose
-- Install configuration: "Release"
-- Installing: /home/conan/.conan2/p/b/fmt-a77913bd36c8df/p/bin/fmt-app
-- Set non-toolchain portion of runtime path of "/home/conan/.conan2/p/b/fmt-a77913bd36c8df/p/bin/fmt-app" to ""

fmt-app/0.1.0: package(): Packaged 1 file: fmt-app
fmt-app/0.1.0: Created package revision 2565b3852a1c6edbf9dd7e7c5d6ea648
fmt-app/0.1.0: Package 'a420b3dffb7579240b0e671668001fcebbc8f6af' created
fmt-app/0.1.0: Full package reference: fmt-app/0.1.0#6fa0b3c3c9ca76e1df5f32e79f264f70:a420b3dffb7579240b0e671668001fcebbc8f6af#2565b3852a1c6edbf9dd7e7c5d6ea648
fmt-app/0.1.0: Package folder /home/conan/.conan2/p/b/fmt-aeb5e60f5f9115/p

======== Launching test_package ========

======== Computing dependency graph ========
Graph root
    fmt-app/0.1.0 (test package): /home/conan/project/recipes/fmt-app/test_package/conanfile.py
Requirements
    fmt-app/0.1.0#6fa0b3c3c9ca76e1df5f32e79f264f70 - Cache
    fmt-hello/0.1.0#87df577ca3a90368bcbd68b607b2d3cd - Cache
    libfmt/system#2a47f4a373e356e74081d89b7b3e377a - Cache

======== Computing necessary packages ========
Requirements
    fmt-app/0.1.0#6fa0b3c3c9ca76e1df5f32e79f264f70:a420b3dffb7579240b0e671668001fcebbc8f6af#2565b3852a1c6edbf9dd7e7c5d6ea648 - Cache
    fmt-hello/0.1.0#87df577ca3a90368bcbd68b607b2d3cd:fbd07e2aa610b21e091b6206434f8dbde6068965#83ce43d0387f0e29a2bec8bcc88b7ea1 - Cache
    libfmt/system#2a47f4a373e356e74081d89b7b3e377a:da39a3ee5e6b4b0d3255bfef95601890afd80709#0ba8627bd47edc3a501e8f0eb9a79e5e - Cache
libfmt/system: System requirements:  already installed

======== Installing packages ========
libfmt/system: Already installed! (1 of 3)
fmt-hello/0.1.0: Already installed! (2 of 3)
fmt-app/0.1.0: Already installed! (3 of 3)

======== Testing the package ========
fmt-app/0.1.0 (test package): Test package build:
fmt-app/0.1.0 (test package): Test package build folder: /home/conan/project/recipes/fmt-app/test_package
fmt-app/0.1.0 (test package): Generating aggregated env files
fmt-app/0.1.0 (test package): Generated aggregated env files: ['conanbuild.sh', 'conanrun.sh']

======== Testing the package: Building ========

======== Testing the package: Executing test ========
fmt-app/0.1.0 (test package): Running test()
fmt-app/0.1.0 (test package): RUN: fmt-app
Hello, world!

+ popd
~/project
